<?xml version="1.0" encoding="UTF-8"?>
<!-- Generated by org.testng.reporters.JUnitXMLReporter -->
<testsuite ignored="0" hostname="Bayan" failures="0" tests="4" name="Default test" time="10.564" errors="0" timestamp="2024-02-01T13:09:48 EET">
  <testcase classname="AlmosaferWebSite.MyTestClass" name="selectRandomLanguage" time="1.698"/>
  <testcase classname="AlmosaferWebSite.MyTestClass" name="selectRandomLanguage" time="1.215"/>
  <testcase classname="AlmosaferWebSite.MyTestClass" name="selectRandomLanguage" time="1.071"/>
  <testcase classname="AlmosaferWebSite.MyTestClass" name="selectRandomLanguage" time="0.991"/>
</testsuite> <!-- Default test -->
