<?xml version="1.0" encoding="UTF-8"?>
<!-- Generated by org.testng.reporters.JUnitXMLReporter -->
<testsuite ignored="0" hostname="Bayan" failures="0" tests="5" name="Default test" time="14.766" errors="0" timestamp="2024-02-02T19:34:06 EET">
  <testcase classname="AlmosaferWebSite.MyTestClass" name="selectRandomLanguage" time="1.776"/>
  <testcase classname="AlmosaferWebSite.MyTestClass" name="selectRandomLanguage" time="1.147"/>
  <testcase classname="AlmosaferWebSite.MyTestClass" name="selectRandomLanguage" time="1.133"/>
  <testcase classname="AlmosaferWebSite.MyTestClass" name="selectRandomLanguage" time="1.262"/>
  <testcase classname="AlmosaferWebSite.MyTestClass" name="switchToHotel" time="0.731"/>
</testsuite> <!-- Default test -->
