<?xml version="1.0" encoding="UTF-8"?>
<testng-results ignored="0" total="4" passed="4" failed="0" skipped="0">
  <reporter-output>
  </reporter-output>
  <suite started-at="2024-02-01T13:09:38 EET" name="Default suite" finished-at="2024-02-01T13:09:48 EET" duration-ms="10564">
    <groups>
    </groups>
    <test started-at="2024-02-01T13:09:38 EET" name="Default test" finished-at="2024-02-01T13:09:48 EET" duration-ms="10564">
      <class name="AlmosaferWebSite.MyTestClass">
        <test-method is-config="true" signature="setUp()[pri:0, instance:AlmosaferWebSite.MyTestClass@50ec4bfc]" started-at="2024-02-01T13:09:38 EET" name="setUp" finished-at="2024-02-01T13:09:43 EET" duration-ms="5439" status="PASS">
          <reporter-output>
          </reporter-output>
        </test-method> <!-- setUp -->
        <test-method signature="selectRandomLanguage()[pri:7, instance:AlmosaferWebSite.MyTestClass@50ec4bfc]" started-at="2024-02-01T13:09:43 EET" name="selectRandomLanguage" finished-at="2024-02-01T13:09:45 EET" duration-ms="1698" status="PASS">
          <reporter-output>
          </reporter-output>
        </test-method> <!-- selectRandomLanguage -->
        <test-method signature="selectRandomLanguage()[pri:7, instance:AlmosaferWebSite.MyTestClass@50ec4bfc]" started-at="2024-02-01T13:09:45 EET" name="selectRandomLanguage" finished-at="2024-02-01T13:09:46 EET" duration-ms="1215" status="PASS">
          <reporter-output>
          </reporter-output>
        </test-method> <!-- selectRandomLanguage -->
        <test-method signature="selectRandomLanguage()[pri:7, instance:AlmosaferWebSite.MyTestClass@50ec4bfc]" started-at="2024-02-01T13:09:46 EET" name="selectRandomLanguage" finished-at="2024-02-01T13:09:47 EET" duration-ms="1071" status="PASS">
          <reporter-output>
          </reporter-output>
        </test-method> <!-- selectRandomLanguage -->
        <test-method signature="selectRandomLanguage()[pri:7, instance:AlmosaferWebSite.MyTestClass@50ec4bfc]" started-at="2024-02-01T13:09:47 EET" name="selectRandomLanguage" finished-at="2024-02-01T13:09:48 EET" duration-ms="991" status="PASS">
          <reporter-output>
          </reporter-output>
        </test-method> <!-- selectRandomLanguage -->
      </class> <!-- AlmosaferWebSite.MyTestClass -->
    </test> <!-- Default test -->
  </suite> <!-- Default suite -->
</testng-results>
